<<<<<<< HEAD
At time 1 Process 1 started arr 1 total 5 remain 5, wait 0
At time 3 Process 1 stopped arr 1 total 5 remain 3 wait 0
At time 3 Process 1 resumed arr 1 total 5 remain 3 wait 0
At time 5 Process 1 stopped arr 1 total 5 remain 1 wait 0
At time 5 Process 3 started arr 4 total 3 remain 3, wait 1
At time 7 Process 3 stopped arr 4 total 3 remain 1 wait 1
At time 7 Process 3 resumed arr 4 total 3 remain 1 wait 1
At time 8 Process 3 finished arr 4 total 3 remain 0 wait 1 TA 4 WTA 1.333333
At time 8 Process 2 started arr 3 total 1 remain 1, wait 5
At time 9 Process 2 finished arr 3 total 1 remain 0 wait 5 TA 6 WTA 6.000000
At time 9 Process 1 resumed arr 1 total 5 remain 1 wait 4
At time 10 Process 1 finished arr 1 total 5 remain 0 wait 4 TA 9 WTA 1.800000
At time 10 Process 4 started arr 10 total 4 remain 4, wait 0
At time 12 Process 4 stopped arr 10 total 4 remain 2 wait 0
At time 12 Process 5 started arr 11 total 2 remain 2, wait 1
At time 14 Process 5 finished arr 11 total 2 remain 0 wait 1 TA 3 WTA 1.500000
At time 14 Process 5 started arr 11 total 2 remain 2, wait 3
At time 16 Process 5 finished arr 11 total 2 remain 0 wait 3 TA 5 WTA 2.500000
At time 16 Process 4 resumed arr 10 total 4 remain 2 wait 4
At time 18 Process 4 finished arr 10 total 4 remain 0 wait 4 TA 8 WTA 2.000000
=======
At time 1 Process 2 started arr 1 total 4 remain 4, wait 0
At time 3 Process 2 stopped arr 1 total 4 remain 2 wait 0
At time 3 Process 3 started arr 1 total 5 remain 5, wait 2
At time 5 Process 3 stopped arr 1 total 5 remain 3 wait 2
At time 5 Process 4 started arr 1 total 7 remain 7, wait 4
At time 7 Process 4 stopped arr 1 total 7 remain 5 wait 4
At time 7 Process 5 started arr 1 total 4 remain 4, wait 6
At time 9 Process 5 stopped arr 1 total 4 remain 2 wait 6
At time 9 Process 2 resumed arr 1 total 4 remain 2 wait 6
At time 11 Process 2 finished arr 1 total 4 remain 0 wait 6 TA 10 WTA 2.500000
At time 11 Process 3 resumed arr 1 total 5 remain 3 wait 8
At time 13 Process 3 stopped arr 1 total 5 remain 1 wait 8
At time 13 Process 4 resumed arr 1 total 7 remain 5 wait 10
At time 15 Process 4 stopped arr 1 total 7 remain 3 wait 10
At time 15 Process 5 resumed arr 1 total 4 remain 2 wait 12
At time 17 Process 5 finished arr 1 total 4 remain 0 wait 12 TA 16 WTA 4.000000
At time 17 Process 1 started arr 1 total 3 remain 3, wait 16
At time 19 Process 1 stopped arr 1 total 3 remain 1 wait 16
At time 19 Process 3 resumed arr 1 total 5 remain 1 wait 14
At time 20 Process 3 finished arr 1 total 5 remain 0 wait 14 TA 19 WTA 3.800000
At time 20 Process 4 resumed arr 1 total 7 remain 3 wait 15
At time 22 Process 4 stopped arr 1 total 7 remain 1 wait 15
At time 22 Process 1 resumed arr 1 total 3 remain 1 wait 19
At time 23 Process 1 finished arr 1 total 3 remain 0 wait 19 TA 22 WTA 7.333333
At time 23 Process 4 resumed arr 1 total 7 remain 1 wait 16
At time 24 Process 4 finished arr 1 total 7 remain 0 wait 16 TA 23 WTA 3.285714
>>>>>>> af32796de39e95c115d58491d438df267846085e
